#
# A fatal error has been detected by the Java Runtime Environment:
#
#  Internal Error (safepoint.cpp:310), pid=27314, tid=11267
#  guarantee(PageArmed == 0) failed: invariant
#
# JRE version: Java(TM) SE Runtime Environment (8.0_65-b17) (build 1.8.0_65-b17)
# Java VM: Java HotSpot(TM) 64-Bit Server VM (25.65-b01 mixed mode bsd-amd64 compressed oops)
# Failed to write core dump. Core dumps have been disabled. To enable core dumping, try "ulimit -c unlimited" before starting Java again
#
# If you would like to submit a bug report, please visit:
#   http://bugreport.java.com/bugreport/crash.jsp
#

---------------  T H R E A D  ---------------

Current thread (0x00007fc73b00d800):  VMThread [stack: 0x0000700000629000,0x0000700000729000] [id=11267]

Stack: [0x0000700000629000,0x0000700000729000],  sp=0x0000700000728910,  free space=1022k
Native frames: (J=compiled Java code, j=interpreted, Vv=VM code, C=native code)
V  [libjvm.dylib+0x5a6522]
V  [libjvm.dylib+0x1e6857]
V  [libjvm.dylib+0x4d9c90]
V  [libjvm.dylib+0x5acab5]
V  [libjvm.dylib+0x5ac3e3]
V  [libjvm.dylib+0x48342e]
C  [libsystem_pthread.dylib+0x3c13]  _pthread_body+0x83
C  [libsystem_pthread.dylib+0x3b90]  _pthread_body+0x0
C  [libsystem_pthread.dylib+0x1375]  thread_start+0xd

VM_Operation (0x0000700000a31658): Exit, mode: safepoint, requested by thread 0x00007fc73a809000


---------------  P R O C E S S  ---------------

Java Threads: ( => current thread )
  0x00007fc73a809000 JavaThread "SIGTERM handler" daemon [_thread_blocked, id=12811, stack(0x0000700000932000,0x0000700000a32000)]
  0x00007fc73a816000 JavaThread "Service Thread" daemon [_thread_blocked, id=18947, stack(0x0000700000ec7000,0x0000700000fc7000)]
  0x00007fc73a01d000 JavaThread "C1 CompilerThread2" daemon [_thread_blocked, id=18435, stack(0x0000700000dc4000,0x0000700000ec4000)]
  0x00007fc73a007000 JavaThread "C2 CompilerThread1" daemon [_thread_blocked, id=17923, stack(0x0000700000cc1000,0x0000700000dc1000)]
  0x00007fc73b022800 JavaThread "C2 CompilerThread0" daemon [_thread_blocked, id=17411, stack(0x0000700000bbe000,0x0000700000cbe000)]
  0x00007fc73b801000 JavaThread "Signal Dispatcher" daemon [_thread_in_vm, id=16407, stack(0x0000700000abb000,0x0000700000bbb000)]
  0x00007fc73b00e000 JavaThread "Finalizer" daemon [_thread_blocked, id=12291, stack(0x000070000082f000,0x000070000092f000)]
  0x00007fc73a806800 JavaThread "Reference Handler" daemon [_thread_blocked, id=11779, stack(0x000070000072c000,0x000070000082c000)]
  0x00007fc73b003000 JavaThread "main" [_thread_in_Java, id=5891, stack(0x000070000011a000,0x000070000021a000)]

Other Threads:
=>0x00007fc73b00d800 VMThread [stack: 0x0000700000629000,0x0000700000729000] [id=11267]

VM state:synchronizing (normal execution)

VM Mutex/Monitor currently owned by a thread:  ([mutex/lock_event])
[0x00007fc739c027b0] Safepoint_lock - owner thread: 0x00007fc73b00d800
[0x00007fc739c02830] Threads_lock - owner thread: 0x00007fc73b00d800

Heap:
 PSYoungGen      total 617472K, used 500800K [0x000000076ab00000, 0x000000079c200000, 0x00000007c0000000)
  eden space 492544K, 76% used [0x000000076ab00000,0x0000000781a14410,0x0000000788c00000)
  from space 124928K, 99% used [0x0000000791c00000,0x00000007995fbd60,0x0000000799600000)
  to   space 147456K, 0% used [0x0000000788c00000,0x0000000788c00000,0x0000000791c00000)
 ParOldGen       total 239616K, used 152579K [0x00000006c0000000, 0x00000006cea00000, 0x000000076ab00000)
  object space 239616K, 63% used [0x00000006c0000000,0x00000006c9500ea8,0x00000006cea00000)
 Metaspace       used 2648K, capacity 4490K, committed 4864K, reserved 1056768K
  class space    used 287K, capacity 386K, committed 512K, reserved 1048576K

Card table byte_map: [0x0000000111152000,0x0000000111953000] byte_map_base: 0x000000010db52000

Marking Bits: (ParMarkBitMap*) 0x00000001016dee20
 Begin Bits: [0x0000000111ea9000, 0x0000000115ea9000)
 End Bits:   [0x0000000115ea9000, 0x0000000119ea9000)

Polling page: 0x00000001005f3000

CodeCache: size=245760Kb used=1162Kb max_used=1170Kb free=244597Kb
 bounds [0x0000000101d92000, 0x0000000102002000, 0x0000000110d92000]
 total_blobs=270 nmethods=37 adapters=148
 compilation: enabled

Compilation events (10 events):
Event: 0.153 Thread 0x00007fc73a007000   33 %     4       project2.Floyd1D::Floyd_1D @ 42 (233 bytes)
Event: 0.192 Thread 0x00007fc73a007000 nmethod 33% 0x0000000101eb2750 code [0x0000000101eb2900, 0x0000000101eb3b78]
Event: 5.513 Thread 0x00007fc73b022800   34       4       project2.Floyd1D::CreatCompleteGraph (423 bytes)
Event: 5.527 Thread 0x00007fc73b022800 nmethod 34 0x0000000101eadd50 code [0x0000000101eadf40, 0x0000000101eaec38]
Event: 5.577 Thread 0x00007fc73a01d000   35 %     3       project2.Floyd1D::CreatCompleteGraph @ 381 (423 bytes)
Event: 5.579 Thread 0x00007fc73a01d000 nmethod 35% 0x0000000101eb40d0 code [0x0000000101eb4380, 0x0000000101eb59f8]
Event: 5.579 Thread 0x00007fc73a007000   36 %     4       project2.Floyd1D::CreatCompleteGraph @ 381 (423 bytes)
Event: 5.586 Thread 0x00007fc73a007000 nmethod 36% 0x0000000101ea3250 code [0x0000000101ea33c0, 0x0000000101ea3798]
Event: 5.599 Thread 0x00007fc73b022800   37       4       project2.Floyd1D::Floyd_1D (233 bytes)
Event: 5.630 Thread 0x00007fc73b022800 nmethod 37 0x0000000101eb6510 code [0x0000000101eb66e0, 0x0000000101eb7af8]

GC Heap History (10 events):
Event: 172.970 GC heap before
{Heap before GC invocations=5 (full 0):
 PSYoungGen      total 141824K, used 120136K [0x000000076ab00000, 0x0000000774000000, 0x00000007c0000000)
  eden space 131072K, 83% used [0x000000076ab00000,0x00000007715da210,0x0000000772b00000)
  from space 10752K, 99% used [0x0000000773580000,0x0000000773ff8020,0x0000000774000000)
  to   space 10752K, 0% used [0x0000000772b00000,0x0000000772b00000,0x0000000773580000)
 ParOldGen       total 175104K, used 95903K [0x00000006c0000000, 0x00000006cab00000, 0x000000076ab00000)
  object space 175104K, 54% used [0x00000006c0000000,0x00000006c5da7e60,0x00000006cab00000)
 Metaspace       used 2639K, capacity 4490K, committed 4864K, reserved 1056768K
  class space    used 286K, capacity 386K, committed 512K, reserved 1048576K
Event: 172.998 GC heap after
Heap after GC invocations=5 (full 0):
 PSYoungGen      total 141824K, used 10720K [0x000000076ab00000, 0x0000000786d00000, 0x00000007c0000000)
  eden space 131072K, 0% used [0x000000076ab00000,0x000000076ab00000,0x0000000772b00000)
  from space 10752K, 99% used [0x0000000772b00000,0x0000000773578020,0x0000000773580000)
  to   space 99328K, 0% used [0x0000000780c00000,0x0000000780c00000,0x0000000786d00000)
 ParOldGen       total 179712K, used 179541K [0x00000006c0000000, 0x00000006caf80000, 0x000000076ab00000)
  object space 179712K, 99% used [0x00000006c0000000,0x00000006caf55790,0x00000006caf80000)
 Metaspace       used 2639K, capacity 4490K, committed 4864K, reserved 1056768K
  class space    used 286K, capacity 386K, committed 512K, reserved 1048576K
}
Event: 172.998 GC heap before
{Heap before GC invocations=6 (full 1):
 PSYoungGen      total 141824K, used 10720K [0x000000076ab00000, 0x0000000786d00000, 0x00000007c0000000)
  eden space 131072K, 0% used [0x000000076ab00000,0x000000076ab00000,0x0000000772b00000)
  from space 10752K, 99% used [0x0000000772b00000,0x0000000773578020,0x0000000773580000)
  to   space 99328K, 0% used [0x0000000780c00000,0x0000000780c00000,0x0000000786d00000)
 ParOldGen       total 179712K, used 179541K [0x00000006c0000000, 0x00000006caf80000, 0x000000076ab00000)
  object space 179712K, 99% used [0x00000006c0000000,0x00000006caf55790,0x00000006caf80000)
 Metaspace       used 2639K, capacity 4490K, committed 4864K, reserved 1056768K
  class space    used 286K, capacity 386K, committed 512K, reserved 1048576K
Event: 173.020 GC heap after
Heap after GC invocations=6 (full 1):
 PSYoungGen      total 141824K, used 0K [0x000000076ab00000, 0x0000000786d00000, 0x00000007c0000000)
  eden space 131072K, 0% used [0x000000076ab00000,0x000000076ab00000,0x0000000772b00000)
  from space 10752K, 0% used [0x0000000772b00000,0x0000000772b00000,0x0000000773580000)
  to   space 99328K, 0% used [0x0000000780c00000,0x0000000780c00000,0x0000000786d00000)
 ParOldGen       total 239616K, used 94097K [0x00000006c0000000, 0x00000006cea00000, 0x000000076ab00000)
  object space 239616K, 39% used [0x00000006c0000000,0x00000006c5be4618,0x00000006cea00000)
 Metaspace       used 2639K, capacity 4490K, committed 4864K, reserved 1056768K
  class space    used 286K, capacity 386K, committed 512K, reserved 1048576K
}
Event: 504.532 GC heap before
{Heap before GC invocations=7 (full 1):
 PSYoungGen      total 141824K, used 131072K [0x000000076ab00000, 0x0000000786d00000, 0x00000007c0000000)
  eden space 131072K, 100% used [0x000000076ab00000,0x0000000772b00000,0x0000000772b00000)
  from space 10752K, 0% used [0x0000000772b00000,0x0000000772b00000,0x0000000773580000)
  to   space 99328K, 0% used [0x0000000780c00000,0x0000000780c00000,0x0000000786d00000)
 ParOldGen       total 239616K, used 94097K [0x00000006c0000000, 0x00000006cea00000, 0x000000076ab00000)
  object space 239616K, 39% used [0x00000006c0000000,0x00000006c5be4618,0x00000006cea00000)
 Metaspace       used 2639K, capacity 4490K, committed 4864K, reserved 1056768K
  class space    used 286K, capacity 386K, committed 512K, reserved 1048576K
Event: 504.556 GC heap after
Heap after GC invocations=7 (full 1):
 PSYoungGen      total 356864K, used 66869K [0x000000076ab00000, 0x0000000787600000, 0x00000007c0000000)
  eden space 257536K, 0% used [0x000000076ab00000,0x000000076ab00000,0x000000077a680000)
  from space 99328K, 67% used [0x0000000780c00000,0x0000000784d4d770,0x0000000786d00000)
  to   space 103936K, 0% used [0x000000077a680000,0x000000077a680000,0x0000000780c00000)
 ParOldGen       total 239616K, used 94097K [0x00000006c0000000, 0x00000006cea00000, 0x000000076ab00000)
  object space 239616K, 39% used [0x00000006c0000000,0x00000006c5be4618,0x00000006cea00000)
 Metaspace       used 2639K, capacity 4490K, committed 4864K, reserved 1056768K
  class space    used 286K, capacity 386K, committed 512K, reserved 1048576K
}
Event: 505.034 GC heap before
{Heap before GC invocations=8 (full 1):
 PSYoungGen      total 356864K, used 296855K [0x000000076ab00000, 0x0000000787600000, 0x00000007c0000000)
  eden space 257536K, 89% used [0x000000076ab00000,0x0000000778b98550,0x000000077a680000)
  from space 99328K, 67% used [0x0000000780c00000,0x0000000784d4d770,0x0000000786d00000)
  to   space 103936K, 0% used [0x000000077a680000,0x000000077a680000,0x0000000780c00000)
 ParOldGen       total 239616K, used 94097K [0x00000006c0000000, 0x00000006cea00000, 0x000000076ab00000)
  object space 239616K, 39% used [0x00000006c0000000,0x00000006c5be4618,0x00000006cea00000)
 Metaspace       used 2639K, capacity 4490K, committed 4864K, reserved 1056768K
  class space    used 286K, capacity 386K, committed 512K, reserved 1048576K
Event: 505.086 GC heap after
Heap after GC invocations=8 (full 1):
 PSYoungGen      total 361472K, used 103921K [0x000000076ab00000, 0x0000000799600000, 0x00000007c0000000)
  eden space 257536K, 0% used [0x000000076ab00000,0x000000076ab00000,0x000000077a680000)
  from space 103936K, 99% used [0x000000077a680000,0x0000000780bfc410,0x0000000780c00000)
  to   space 124928K, 0% used [0x0000000791c00000,0x0000000791c00000,0x0000000799600000)
 ParOldGen       total 239616K, used 136748K [0x00000006c0000000, 0x00000006cea00000, 0x000000076ab00000)
  object space 239616K, 57% used [0x00000006c0000000,0x00000006c858b338,0x00000006cea00000)
 Metaspace       used 2639K, capacity 4490K, committed 4864K, reserved 1056768K
  class space    used 286K, capacity 386K, committed 512K, reserved 1048576K
}
Event: 1199.098 GC heap before
{Heap before GC invocations=9 (full 1):
 PSYoungGen      total 361472K, used 294966K [0x000000076ab00000, 0x0000000799600000, 0x00000007c0000000)
  eden space 257536K, 74% used [0x000000076ab00000,0x00000007765916b0,0x000000077a680000)
  from space 103936K, 99% used [0x000000077a680000,0x0000000780bfc410,0x0000000780c00000)
  to   space 124928K, 0% used [0x0000000791c00000,0x0000000791c00000,0x0000000799600000)
 ParOldGen       total 239616K, used 136748K [0x00000006c0000000, 0x00000006cea00000, 0x000000076ab00000)
  object space 239616K, 57% used [0x00000006c0000000,0x00000006c858b338,0x00000006cea00000)
 Metaspace       used 2639K, capacity 4490K, committed 4864K, reserved 1056768K
  class space    used 286K, capacity 386K, committed 512K, reserved 1048576K
Event: 1199.147 GC heap after
Heap after GC invocations=9 (full 1):
 PSYoungGen      total 617472K, used 124911K [0x000000076ab00000, 0x000000079c200000, 0x00000007c0000000)
  eden space 492544K, 0% used [0x000000076ab00000,0x000000076ab00000,0x0000000788c00000)
  from space 124928K, 99% used [0x0000000791c00000,0x00000007995fbd60,0x0000000799600000)
  to   space 147456K, 0% used [0x0000000788c00000,0x0000000788c00000,0x0000000791c00000)
 ParOldGen       total 239616K, used 152579K [0x00000006c0000000, 0x00000006cea00000, 0x000000076ab00000)
  object space 239616K, 63% used [0x00000006c0000000,0x00000006c9500ea8,0x00000006cea00000)
 Metaspace       used 2639K, capacity 4490K, committed 4864K, reserved 1056768K
  class space    used 286K, capacity 386K, committed 512K, reserved 1048576K
}

Deoptimization events (1 events):
Event: 5.577 Thread 0x00007fc73b003000 Uncommon trap: reason=unreached action=reinterpret pc=0x0000000101eb1b68 method=project2.Floyd1D.CreatCompleteGraph(I)[I @ 418

Internal exceptions (2 events):
Event: 0.045 Thread 0x00007fc73b003000 Exception <a 'java/lang/NoSuchMethodError': Method sun.misc.Unsafe.defineClass(Ljava/lang/String;[BII)Ljava/lang/Class; name or signature does not match> (0x000000076ab12f10) thrown at [/Users/java_re/workspace/8-2-build-macosx-x86_64/jdk8u65/4987/hotspot
Event: 0.045 Thread 0x00007fc73b003000 Exception <a 'java/lang/NoSuchMethodError': Method sun.misc.Unsafe.prefetchRead(Ljava/lang/Object;J)V name or signature does not match> (0x000000076ab131f8) thrown at [/Users/java_re/workspace/8-2-build-macosx-x86_64/jdk8u65/4987/hotspot/src/share/vm/prim

Events (10 events):
Event: 1199.098 Executing VM operation: ParallelGCFailedAllocation
Event: 1199.147 Executing VM operation: ParallelGCFailedAllocation done
Event: 1553.675 loading class sun/misc/Signal$1
Event: 1553.675 loading class sun/misc/Signal$1 done
Event: 1553.675 Thread 0x00007fc73a809000 Thread added: 0x00007fc73a809000
Event: 1553.675 loading class java/lang/Shutdown
Event: 1553.675 loading class java/lang/Shutdown done
Event: 1553.675 loading class java/lang/Shutdown$Lock
Event: 1553.675 loading class java/lang/Shutdown$Lock done
Event: 1553.675 Executing VM operation: Exit


Dynamic libraries:
0x0000000009f1a000 	/System/Library/Frameworks/Cocoa.framework/Versions/A/Cocoa
0x0000000009f1a000 	/System/Library/Frameworks/Security.framework/Versions/A/Security
0x0000000009f1a000 	/System/Library/Frameworks/ApplicationServices.framework/Versions/A/ApplicationServices
0x0000000009f1a000 	/usr/lib/libz.1.dylib
0x0000000009f1a000 	/usr/lib/libSystem.B.dylib
0x0000000009f1a000 	/usr/lib/libobjc.A.dylib
0x0000000009f1a000 	/System/Library/Frameworks/CoreFoundation.framework/Versions/A/CoreFoundation
0x0000000009f1a000 	/System/Library/Frameworks/Foundation.framework/Versions/C/Foundation
0x0000000009f1a000 	/System/Library/Frameworks/AppKit.framework/Versions/C/AppKit
0x0000000009f1a000 	/System/Library/Frameworks/CoreData.framework/Versions/A/CoreData
0x0000000009f1a000 	/System/Library/PrivateFrameworks/RemoteViewServices.framework/Versions/A/RemoteViewServices
0x0000000009f1a000 	/System/Library/PrivateFrameworks/UIFoundation.framework/Versions/A/UIFoundation
0x0000000009f1a000 	/usr/lib/libScreenReader.dylib
0x0000000009f1a000 	/System/Library/Frameworks/Accelerate.framework/Versions/A/Accelerate
0x0000000009f1a000 	/System/Library/Frameworks/IOSurface.framework/Versions/A/IOSurface
0x0000000009f1a000 	/System/Library/Frameworks/AudioToolbox.framework/Versions/A/AudioToolbox
0x0000000009f1a000 	/System/Library/Frameworks/AudioUnit.framework/Versions/A/AudioUnit
0x0000000009f1a000 	/System/Library/PrivateFrameworks/DataDetectorsCore.framework/Versions/A/DataDetectorsCore
0x0000000009f1a000 	/System/Library/PrivateFrameworks/DesktopServicesPriv.framework/Versions/A/DesktopServicesPriv
0x0000000009f1a000 	/System/Library/Frameworks/Carbon.framework/Versions/A/Frameworks/HIToolbox.framework/Versions/A/HIToolbox
0x0000000009f1a000 	/System/Library/Frameworks/QuartzCore.framework/Versions/A/QuartzCore
0x0000000009f1a000 	/System/Library/Frameworks/Carbon.framework/Versions/A/Frameworks/SpeechRecognition.framework/Versions/A/SpeechRecognition
0x0000000009f1a000 	/usr/lib/libauto.dylib
0x0000000009f1a000 	/usr/lib/libicucore.A.dylib
0x0000000009f1a000 	/usr/lib/libxml2.2.dylib
0x0000000009f1a000 	/System/Library/PrivateFrameworks/CoreUI.framework/Versions/A/CoreUI
0x0000000009f1a000 	/System/Library/Frameworks/CoreAudio.framework/Versions/A/CoreAudio
0x0000000009f1a000 	/System/Library/Frameworks/DiskArbitration.framework/Versions/A/DiskArbitration
0x0000000009f1a000 	/usr/lib/liblangid.dylib
0x0000000009f1a000 	/System/Library/PrivateFrameworks/MultitouchSupport.framework/Versions/A/MultitouchSupport
0x0000000009f1a000 	/System/Library/Frameworks/IOKit.framework/Versions/A/IOKit
0x0000000009f1a000 	/usr/lib/libDiagnosticMessagesClient.dylib
0x0000000009f1a000 	/System/Library/Frameworks/CoreServices.framework/Versions/A/CoreServices
0x0000000009f1a000 	/System/Library/PrivateFrameworks/PerformanceAnalysis.framework/Versions/A/PerformanceAnalysis
0x0000000009f1a000 	/System/Library/PrivateFrameworks/GenerationalStorage.framework/Versions/A/GenerationalStorage
0x0000000009f1a000 	/System/Library/Frameworks/OpenGL.framework/Versions/A/OpenGL
0x0000000009f1a000 	/System/Library/PrivateFrameworks/Sharing.framework/Versions/A/Sharing
0x0000000009f1a000 	/System/Library/Frameworks/CoreGraphics.framework/Versions/A/CoreGraphics
0x0000000009f1a000 	/System/Library/Frameworks/CoreImage.framework/Versions/A/CoreImage
0x0000000009f1a000 	/System/Library/Frameworks/CoreText.framework/Versions/A/CoreText
0x0000000009f1a000 	/System/Library/Frameworks/ImageIO.framework/Versions/A/ImageIO
0x0000000009f1a000 	/System/Library/PrivateFrameworks/Backup.framework/Versions/A/Backup
0x0000000009f1a000 	/usr/lib/libextension.dylib
0x0000000009f1a000 	/usr/lib/libarchive.2.dylib
0x0000000009f1a000 	/System/Library/Frameworks/CFNetwork.framework/Versions/A/CFNetwork
0x0000000009f1a000 	/System/Library/Frameworks/SystemConfiguration.framework/Versions/A/SystemConfiguration
0x0000000009f1a000 	/usr/lib/libCRFSuite.dylib
0x0000000009f1a000 	/usr/lib/libc++.1.dylib
0x0000000009f1a000 	/usr/lib/libc++abi.dylib
0x0000000009f1a000 	/usr/lib/system/libcache.dylib
0x0000000009f1a000 	/usr/lib/system/libcommonCrypto.dylib
0x0000000009f1a000 	/usr/lib/system/libcompiler_rt.dylib
0x0000000009f1a000 	/usr/lib/system/libcopyfile.dylib
0x0000000009f1a000 	/usr/lib/system/libcorecrypto.dylib
0x0000000009f1a000 	/usr/lib/system/libdispatch.dylib
0x0000000009f1a000 	/usr/lib/system/libdyld.dylib
0x0000000009f1a000 	/usr/lib/system/libkeymgr.dylib
0x0000000009f1a000 	/usr/lib/system/liblaunch.dylib
0x0000000009f1a000 	/usr/lib/system/libmacho.dylib
0x0000000009f1a000 	/usr/lib/system/libquarantine.dylib
0x0000000009f1a000 	/usr/lib/system/libremovefile.dylib
0x0000000009f1a000 	/usr/lib/system/libsystem_asl.dylib
0x0000000009f1a000 	/usr/lib/system/libsystem_blocks.dylib
0x0000000009f1a000 	/usr/lib/system/libsystem_c.dylib
0x0000000009f1a000 	/usr/lib/system/libsystem_configuration.dylib
0x0000000009f1a000 	/usr/lib/system/libsystem_coreservices.dylib
0x0000000009f1a000 	/usr/lib/system/libsystem_coretls.dylib
0x0000000009f1a000 	/usr/lib/system/libsystem_dnssd.dylib
0x0000000009f1a000 	/usr/lib/system/libsystem_info.dylib
0x0000000009f1a000 	/usr/lib/system/libsystem_kernel.dylib
0x0000000009f1a000 	/usr/lib/system/libsystem_m.dylib
0x0000000009f1a000 	/usr/lib/system/libsystem_malloc.dylib
0x0000000009f1a000 	/usr/lib/system/libsystem_network.dylib
0x0000000009f1a000 	/usr/lib/system/libsystem_networkextension.dylib
0x0000000009f1a000 	/usr/lib/system/libsystem_notify.dylib
0x0000000009f1a000 	/usr/lib/system/libsystem_platform.dylib
0x0000000009f1a000 	/usr/lib/system/libsystem_pthread.dylib
0x0000000009f1a000 	/usr/lib/system/libsystem_sandbox.dylib
0x0000000009f1a000 	/usr/lib/system/libsystem_secinit.dylib
0x0000000009f1a000 	/usr/lib/system/libsystem_trace.dylib
0x0000000009f1a000 	/usr/lib/system/libunc.dylib
0x0000000009f1a000 	/usr/lib/system/libunwind.dylib
0x0000000009f1a000 	/usr/lib/system/libxpc.dylib
0x0000000009f1a000 	/usr/lib/libenergytrace.dylib
0x0000000009f1a000 	/usr/lib/libbsm.0.dylib
0x0000000009f1a000 	/usr/lib/system/libkxld.dylib
0x0000000009f1a000 	/usr/lib/libxar.1.dylib
0x0000000009f1a000 	/usr/lib/libsqlite3.dylib
0x0000000009f1a000 	/usr/lib/libpam.2.dylib
0x0000000009f1a000 	/usr/lib/libOpenScriptingUtil.dylib
0x0000000009f1a000 	/usr/lib/libbz2.1.0.dylib
0x0000000009f1a000 	/usr/lib/liblzma.5.dylib
0x0000000009f1a000 	/System/Library/Frameworks/CoreServices.framework/Versions/A/Frameworks/FSEvents.framework/Versions/A/FSEvents
0x0000000009f1a000 	/System/Library/Frameworks/CoreServices.framework/Versions/A/Frameworks/CarbonCore.framework/Versions/A/CarbonCore
0x0000000009f1a000 	/System/Library/Frameworks/CoreServices.framework/Versions/A/Frameworks/Metadata.framework/Versions/A/Metadata
0x0000000009f1a000 	/System/Library/Frameworks/CoreServices.framework/Versions/A/Frameworks/OSServices.framework/Versions/A/OSServices
0x0000000009f1a000 	/System/Library/Frameworks/CoreServices.framework/Versions/A/Frameworks/SearchKit.framework/Versions/A/SearchKit
0x0000000009f1a000 	/System/Library/Frameworks/CoreServices.framework/Versions/A/Frameworks/AE.framework/Versions/A/AE
0x0000000009f1a000 	/System/Library/Frameworks/CoreServices.framework/Versions/A/Frameworks/LaunchServices.framework/Versions/A/LaunchServices
0x0000000009f1a000 	/System/Library/Frameworks/CoreServices.framework/Versions/A/Frameworks/DictionaryServices.framework/Versions/A/DictionaryServices
0x0000000009f1a000 	/System/Library/Frameworks/CoreServices.framework/Versions/A/Frameworks/SharedFileList.framework/Versions/A/SharedFileList
0x0000000009f1a000 	/System/Library/Frameworks/NetFS.framework/Versions/A/NetFS
0x0000000009f1a000 	/System/Library/PrivateFrameworks/NetAuth.framework/Versions/A/NetAuth
0x0000000009f1a000 	/System/Library/PrivateFrameworks/login.framework/Versions/A/Frameworks/loginsupport.framework/Versions/A/loginsupport
0x0000000009f1a000 	/System/Library/PrivateFrameworks/TCC.framework/Versions/A/TCC
0x0000000009f1a000 	/usr/lib/libmecabra.dylib
0x0000000009f1a000 	/System/Library/Frameworks/ApplicationServices.framework/Versions/A/Frameworks/ATS.framework/Versions/A/ATS
0x0000000009f1a000 	/System/Library/Frameworks/ApplicationServices.framework/Versions/A/Frameworks/ColorSync.framework/Versions/A/ColorSync
0x0000000009f1a000 	/System/Library/Frameworks/ApplicationServices.framework/Versions/A/Frameworks/HIServices.framework/Versions/A/HIServices
0x0000000009f1a000 	/System/Library/Frameworks/ApplicationServices.framework/Versions/A/Frameworks/LangAnalysis.framework/Versions/A/LangAnalysis
0x0000000009f1a000 	/System/Library/Frameworks/ApplicationServices.framework/Versions/A/Frameworks/PrintCore.framework/Versions/A/PrintCore
0x0000000009f1a000 	/System/Library/Frameworks/ApplicationServices.framework/Versions/A/Frameworks/QD.framework/Versions/A/QD
0x0000000009f1a000 	/System/Library/Frameworks/ApplicationServices.framework/Versions/A/Frameworks/SpeechSynthesis.framework/Versions/A/SpeechSynthesis
0x0000000009f1a000 	/System/Library/Frameworks/Metal.framework/Versions/A/Metal
0x0000000009f1a000 	/System/Library/Frameworks/Accelerate.framework/Versions/A/Frameworks/vImage.framework/Versions/A/vImage
0x0000000009f1a000 	/System/Library/Frameworks/Accelerate.framework/Versions/A/Frameworks/vecLib.framework/Versions/A/vecLib
0x0000000009f1a000 	/System/Library/Frameworks/Accelerate.framework/Versions/A/Frameworks/vecLib.framework/Versions/A/libvDSP.dylib
0x0000000009f1a000 	/System/Library/Frameworks/Accelerate.framework/Versions/A/Frameworks/vecLib.framework/Versions/A/libvMisc.dylib
0x0000000009f1a000 	/System/Library/Frameworks/Accelerate.framework/Versions/A/Frameworks/vecLib.framework/Versions/A/libLAPACK.dylib
0x0000000009f1a000 	/System/Library/Frameworks/Accelerate.framework/Versions/A/Frameworks/vecLib.framework/Versions/A/libBLAS.dylib
0x0000000009f1a000 	/System/Library/Frameworks/Accelerate.framework/Versions/A/Frameworks/vecLib.framework/Versions/A/libLinearAlgebra.dylib
0x0000000009f1a000 	/System/Library/Frameworks/Accelerate.framework/Versions/A/Frameworks/vecLib.framework/Versions/A/libSparseBLAS.dylib
0x0000000009f1a000 	/System/Library/PrivateFrameworks/GPUCompiler.framework/libmetal_timestamp.dylib
0x0000000009f1a000 	/System/Library/Frameworks/OpenGL.framework/Versions/A/Libraries/libCoreFSCache.dylib
0x0000000009f1a000 	/System/Library/PrivateFrameworks/IOAccelerator.framework/Versions/A/IOAccelerator
0x0000000009f1a000 	/System/Library/Frameworks/ApplicationServices.framework/Versions/A/Frameworks/ATS.framework/Versions/A/Resources/libFontParser.dylib
0x0000000009f1a000 	/System/Library/Frameworks/ApplicationServices.framework/Versions/A/Frameworks/ATS.framework/Versions/A/Resources/libFontRegistry.dylib
0x0000000009f1a000 	/System/Library/PrivateFrameworks/AppleVPA.framework/Versions/A/AppleVPA
0x0000000009f1a000 	/System/Library/PrivateFrameworks/AppleJPEG.framework/Versions/A/AppleJPEG
0x0000000009f1a000 	/System/Library/Frameworks/ImageIO.framework/Versions/A/Resources/libJPEG.dylib
0x0000000009f1a000 	/System/Library/Frameworks/ImageIO.framework/Versions/A/Resources/libTIFF.dylib
0x0000000009f1a000 	/System/Library/Frameworks/ImageIO.framework/Versions/A/Resources/libPng.dylib
0x0000000009f1a000 	/System/Library/Frameworks/ImageIO.framework/Versions/A/Resources/libGIF.dylib
0x0000000009f1a000 	/System/Library/Frameworks/ImageIO.framework/Versions/A/Resources/libJP2.dylib
0x0000000009f1a000 	/System/Library/Frameworks/ImageIO.framework/Versions/A/Resources/libRadiance.dylib
0x0000000009f1a000 	/System/Library/Frameworks/CoreVideo.framework/Versions/A/CoreVideo
0x0000000009f1a000 	/System/Library/Frameworks/OpenGL.framework/Versions/A/Libraries/libGLU.dylib
0x0000000009f1a000 	/System/Library/Frameworks/OpenGL.framework/Versions/A/Libraries/libGFXShared.dylib
0x0000000009f1a000 	/System/Library/Frameworks/OpenGL.framework/Versions/A/Libraries/libGL.dylib
0x0000000009f1a000 	/System/Library/Frameworks/OpenGL.framework/Versions/A/Libraries/libGLImage.dylib
0x0000000009f1a000 	/System/Library/Frameworks/OpenGL.framework/Versions/A/Libraries/libCVMSPluginSupport.dylib
0x0000000009f1a000 	/System/Library/Frameworks/OpenGL.framework/Versions/A/Libraries/libCoreVMClient.dylib
0x0000000009f1a000 	/usr/lib/libcups.2.dylib
0x0000000009f1a000 	/System/Library/Frameworks/Kerberos.framework/Versions/A/Kerberos
0x0000000009f1a000 	/System/Library/Frameworks/GSS.framework/Versions/A/GSS
0x0000000009f1a000 	/usr/lib/libresolv.9.dylib
0x0000000009f1a000 	/usr/lib/libiconv.2.dylib
0x0000000009f1a000 	/System/Library/PrivateFrameworks/Heimdal.framework/Versions/A/Heimdal
0x0000000009f1a000 	/usr/lib/libheimdal-asn1.dylib
0x0000000009f1a000 	/System/Library/Frameworks/OpenDirectory.framework/Versions/A/OpenDirectory
0x0000000009f1a000 	/System/Library/PrivateFrameworks/CommonAuth.framework/Versions/A/CommonAuth
0x0000000009f1a000 	/System/Library/Frameworks/OpenDirectory.framework/Versions/A/Frameworks/CFOpenDirectory.framework/Versions/A/CFOpenDirectory
0x0000000009f1a000 	/System/Library/Frameworks/SecurityFoundation.framework/Versions/A/SecurityFoundation
0x0000000009f1a000 	/System/Library/PrivateFrameworks/LanguageModeling.framework/Versions/A/LanguageModeling
0x0000000009f1a000 	/usr/lib/libmarisa.dylib
0x0000000009f1a000 	/usr/lib/libChineseTokenizer.dylib
0x0000000009f1a000 	/usr/lib/libcmph.dylib
0x0000000009f1a000 	/usr/lib/libcompression.dylib
0x0000000009f1a000 	/System/Library/Frameworks/ServiceManagement.framework/Versions/A/ServiceManagement
0x0000000009f1a000 	/usr/lib/libxslt.1.dylib
0x0000000009f1a000 	/System/Library/Frameworks/Carbon.framework/Versions/A/Frameworks/Ink.framework/Versions/A/Ink
0x0000000009f1a000 	/usr/lib/libFosl_dynamic.dylib
0x0000000009f1a000 	/System/Library/PrivateFrameworks/FaceCore.framework/Versions/A/FaceCore
0x0000000009f1a000 	/System/Library/Frameworks/OpenCL.framework/Versions/A/OpenCL
0x0000000009f1a000 	/System/Library/PrivateFrameworks/CrashReporterSupport.framework/Versions/A/CrashReporterSupport
0x0000000009f1a000 	/System/Library/PrivateFrameworks/IconServices.framework/Versions/A/IconServices
0x0000000009f1a000 	/System/Library/PrivateFrameworks/Apple80211.framework/Versions/A/Apple80211
0x0000000009f1a000 	/System/Library/Frameworks/CoreWLAN.framework/Versions/A/CoreWLAN
0x0000000009f1a000 	/System/Library/Frameworks/IOBluetooth.framework/Versions/A/IOBluetooth
0x0000000009f1a000 	/System/Library/PrivateFrameworks/CoreWiFi.framework/Versions/A/CoreWiFi
0x0000000009f1a000 	/System/Library/Frameworks/CoreBluetooth.framework/Versions/A/CoreBluetooth
0x0000000009f1a000 	/System/Library/PrivateFrameworks/ChunkingLibrary.framework/Versions/A/ChunkingLibrary
0x0000000009f1a000 	/System/Library/PrivateFrameworks/DebugSymbols.framework/Versions/A/DebugSymbols
0x0000000009f1a000 	/System/Library/PrivateFrameworks/CoreSymbolication.framework/Versions/A/CoreSymbolication
0x0000000009f1a000 	/System/Library/PrivateFrameworks/Symbolication.framework/Versions/A/Symbolication
0x0000000009f1a000 	/System/Library/PrivateFrameworks/SpeechRecognitionCore.framework/Versions/A/SpeechRecognitionCore
0x0000000100568000 	/System/Library/CoreServices/Encodings/libSimplifiedChineseConverter.dylib
0x0000000100e00000 	/Library/Java/JavaVirtualMachines/jdk1.8.0_65.jdk/Contents/Home/jre/lib/server/libjvm.dylib
0x0000000009f1a000 	/usr/lib/libstdc++.6.dylib
0x00000001005b0000 	/Library/Java/JavaVirtualMachines/jdk1.8.0_65.jdk/Contents/Home/jre/lib/libverify.dylib
0x00000001005be000 	/Library/Java/JavaVirtualMachines/jdk1.8.0_65.jdk/Contents/Home/jre/lib/libjava.dylib
0x0000000101d89000 	/Library/Java/JavaVirtualMachines/jdk1.8.0_65.jdk/Contents/Home/jre/lib/libzip.dylib
0x000000011c1c7000 	/System/Library/Frameworks/JavaVM.framework/Frameworks/JavaRuntimeSupport.framework/JavaRuntimeSupport
0x000000011c1e2000 	/System/Library/Frameworks/JavaVM.framework/Versions/A/Frameworks/JavaNativeFoundation.framework/Versions/A/JavaNativeFoundation
0x000000011c1f7000 	/System/Library/Frameworks/JavaVM.framework/Versions/A/JavaVM
0x0000000009f1a000 	/System/Library/Frameworks/Carbon.framework/Versions/A/Carbon
0x000000011c204000 	/System/Library/PrivateFrameworks/JavaLaunching.framework/Versions/A/JavaLaunching
0x0000000009f1a000 	/System/Library/Frameworks/Carbon.framework/Versions/A/Frameworks/CommonPanels.framework/Versions/A/CommonPanels
0x0000000009f1a000 	/System/Library/Frameworks/Carbon.framework/Versions/A/Frameworks/Help.framework/Versions/A/Help
0x0000000009f1a000 	/System/Library/Frameworks/Carbon.framework/Versions/A/Frameworks/ImageCapture.framework/Versions/A/ImageCapture
0x0000000009f1a000 	/System/Library/Frameworks/Carbon.framework/Versions/A/Frameworks/OpenScripting.framework/Versions/A/OpenScripting
0x0000000009f1a000 	/System/Library/Frameworks/Carbon.framework/Versions/A/Frameworks/Print.framework/Versions/A/Print
0x0000000009f1a000 	/System/Library/Frameworks/Carbon.framework/Versions/A/Frameworks/SecurityHI.framework/Versions/A/SecurityHI

VM Arguments:
jvm_args: -Dfile.encoding=UTF-8 
java_command: project2.Floyd1D
java_class_path (initial): /Users/FeanorCui/Documents/workspace/project2/bin
Launcher Type: SUN_STANDARD

Environment Variables:
PATH=/usr/bin:/bin:/usr/sbin:/sbin
SHELL=/bin/bash

Signal Handlers:
SIGSEGV: [libjvm.dylib+0x5a6d31], sa_mask[0]=11111111011111110111111111111111, sa_flags=SA_ONSTACK|SA_RESTART|SA_SIGINFO
SIGBUS: [libjvm.dylib+0x5a6d31], sa_mask[0]=11111111011111110111111111111111, sa_flags=SA_RESTART|SA_SIGINFO
SIGFPE: [libjvm.dylib+0x480a40], sa_mask[0]=11111111011111110111111111111111, sa_flags=SA_RESTART|SA_SIGINFO
SIGPIPE: [libjvm.dylib+0x480a40], sa_mask[0]=11111111011111110111111111111111, sa_flags=SA_RESTART|SA_SIGINFO
SIGXFSZ: [libjvm.dylib+0x480a40], sa_mask[0]=11111111011111110111111111111111, sa_flags=SA_RESTART|SA_SIGINFO
SIGILL: [libjvm.dylib+0x480a40], sa_mask[0]=11111111011111110111111111111111, sa_flags=SA_RESTART|SA_SIGINFO
SIGUSR1: SIG_DFL, sa_mask[0]=00000000000000000000000000000000, sa_flags=none
SIGUSR2: [libjvm.dylib+0x48055e], sa_mask[0]=00100000000000000000000000000000, sa_flags=SA_RESTART|SA_SIGINFO
SIGHUP: [libjvm.dylib+0x47eb35], sa_mask[0]=11111111011111110111111111111111, sa_flags=SA_RESTART|SA_SIGINFO
SIGINT: [libjvm.dylib+0x47eb35], sa_mask[0]=11111111011111110111111111111111, sa_flags=SA_RESTART|SA_SIGINFO
SIGTERM: [libjvm.dylib+0x47eb35], sa_mask[0]=11111111011111110111111111111111, sa_flags=SA_RESTART|SA_SIGINFO
SIGQUIT: [libjvm.dylib+0x47eb35], sa_mask[0]=11111111011111110111111111111111, sa_flags=SA_RESTART|SA_SIGINFO


---------------  S Y S T E M  ---------------

OS:Bsduname:Darwin 15.2.0 Darwin Kernel Version 15.2.0: Fri Nov 13 19:56:56 PST 2015; root:xnu-3248.20.55~2/RELEASE_X86_64 x86_64
rlimit: STACK 8192k, CORE 0k, NPROC 709, NOFILE 10240, AS infinity
load average:3.86 3.83 3.19

CPU:total 4 (2 cores per cpu, 2 threads per core) family 6 model 61 stepping 4, cmov, cx8, fxsr, mmx, sse, sse2, sse3, ssse3, sse4.1, sse4.2, popcnt, avx, avx2, aes, clmul, erms, 3dnowpref, lzcnt, ht, tsc, tscinvbit, bmi1, bmi2, adx

Memory: 4k page, physical 16777216k(1752600k free)

/proc/meminfo:


vm_info: Java HotSpot(TM) 64-Bit Server VM (25.65-b01) for bsd-amd64 JRE (1.8.0_65-b17), built on Oct  6 2015 15:36:46 by "java_re" with gcc 4.2.1 (Based on Apple Inc. build 5658) (LLVM build 2336.11.00)

time: Tue Feb 23 05:16:22 2016
elapsed time: 2153 seconds (0d 0h 35m 53s)

