#
# A fatal error has been detected by the Java Runtime Environment:
#
#  Internal Error (safepoint.cpp:310), pid=27347, tid=11267
#  guarantee(PageArmed == 0) failed: invariant
#
# JRE version: Java(TM) SE Runtime Environment (8.0_65-b17) (build 1.8.0_65-b17)
# Java VM: Java HotSpot(TM) 64-Bit Server VM (25.65-b01 mixed mode bsd-amd64 compressed oops)
# Failed to write core dump. Core dumps have been disabled. To enable core dumping, try "ulimit -c unlimited" before starting Java again
#
# If you would like to submit a bug report, please visit:
#   http://bugreport.java.com/bugreport/crash.jsp
#

---------------  T H R E A D  ---------------

Current thread (0x00007fbb9a025000):  VMThread [stack: 0x0000700000629000,0x0000700000729000] [id=11267]

Stack: [0x0000700000629000,0x0000700000729000],  sp=0x0000700000728910,  free space=1022k
Native frames: (J=compiled Java code, j=interpreted, Vv=VM code, C=native code)
V  [libjvm.dylib+0x5a6522]  VMError::report_and_die()+0x3f8
V  [libjvm.dylib+0x1e6857]  report_vm_error(char const*, int, char const*, char const*)+0x54
V  [libjvm.dylib+0x4d9c90]  SafepointSynchronize::begin()+0x2be
V  [libjvm.dylib+0x5acab5]  VMThread::loop()+0x319
V  [libjvm.dylib+0x5ac3e3]  VMThread::run()+0x79
V  [libjvm.dylib+0x48342e]  java_start(Thread*)+0xf6
C  [libsystem_pthread.dylib+0x3c13]  _pthread_body+0x83
C  [libsystem_pthread.dylib+0x3b90]  _pthread_body+0x0
C  [libsystem_pthread.dylib+0x1375]  thread_start+0xd

VM_Operation (0x0000700000a31658): Exit, mode: safepoint, requested by thread 0x00007fbb99816000


---------------  P R O C E S S  ---------------

Java Threads: ( => current thread )
  0x00007fbb99816000 JavaThread "SIGTERM handler" daemon [_thread_blocked, id=4871, stack(0x0000700000932000,0x0000700000a32000)]
  0x00007fbb99035000 JavaThread "Service Thread" daemon [_thread_blocked, id=18947, stack(0x0000700000ec7000,0x0000700000fc7000)]
  0x00007fbb99813800 JavaThread "C1 CompilerThread2" daemon [_thread_blocked, id=18435, stack(0x0000700000dc4000,0x0000700000ec4000)]
  0x00007fbb99812800 JavaThread "C2 CompilerThread1" daemon [_thread_blocked, id=17923, stack(0x0000700000cc1000,0x0000700000dc1000)]
  0x00007fbb99801000 JavaThread "C2 CompilerThread0" daemon [_thread_blocked, id=17411, stack(0x0000700000bbe000,0x0000700000cbe000)]
  0x00007fbb9a81c000 JavaThread "Signal Dispatcher" daemon [_thread_in_vm, id=16659, stack(0x0000700000abb000,0x0000700000bbb000)]
  0x00007fbb9a80d800 JavaThread "Finalizer" daemon [_thread_blocked, id=12291, stack(0x000070000082f000,0x000070000092f000)]
  0x00007fbb9a80c800 JavaThread "Reference Handler" daemon [_thread_blocked, id=11779, stack(0x000070000072c000,0x000070000082c000)]
  0x00007fbb9a002800 JavaThread "main" [_thread_in_Java, id=5891, stack(0x000070000011a000,0x000070000021a000)]

Other Threads:
=>0x00007fbb9a025000 VMThread [stack: 0x0000700000629000,0x0000700000729000] [id=11267]

VM state:synchronizing (normal execution)

VM Mutex/Monitor currently owned by a thread:  ([mutex/lock_event])
[0x00007fbb98d01260] Safepoint_lock - owner thread: 0x00007fbb9a025000
[0x00007fbb98d012e0] Threads_lock - owner thread: 0x00007fbb9a025000

Heap:
 PSYoungGen      total 596480K, used 265829K [0x000000076ab00000, 0x0000000795c80000, 0x00000007c0000000)
  eden space 508928K, 39% used [0x000000076ab00000,0x0000000776d44810,0x0000000789c00000)
  from space 87552K, 76% used [0x000000078f880000,0x00000007939d4cf0,0x0000000794e00000)
  to   space 94720K, 0% used [0x0000000789c00000,0x0000000789c00000,0x000000078f880000)
 ParOldGen       total 186880K, used 88422K [0x00000006c0000000, 0x00000006cb680000, 0x000000076ab00000)
  object space 186880K, 47% used [0x00000006c0000000,0x00000006c56599f8,0x00000006cb680000)
 Metaspace       used 2648K, capacity 4490K, committed 4864K, reserved 1056768K
  class space    used 287K, capacity 386K, committed 512K, reserved 1048576K

Card table byte_map: [0x0000000115d49000,0x000000011654a000] byte_map_base: 0x0000000112749000

Marking Bits: (ParMarkBitMap*) 0x00000001062dee20
 Begin Bits: [0x0000000116aa0000, 0x000000011aaa0000)
 End Bits:   [0x000000011aaa0000, 0x000000011eaa0000)

Polling page: 0x0000000105078000

CodeCache: size=245760Kb used=1232Kb max_used=1241Kb free=244527Kb
 bounds [0x0000000106989000, 0x0000000106bf9000, 0x0000000115989000]
 total_blobs=275 nmethods=42 adapters=148
 compilation: enabled

Compilation events (10 events):
Event: 6.423 Thread 0x00007fbb99812800   38       4       project2.Floyd1D::CreatSparseGraph (404 bytes)
Event: 6.485 Thread 0x00007fbb99812800 nmethod 38 0x0000000106ab8310 code [0x0000000106ab8580, 0x0000000106ab9e58]
Event: 6.528 Thread 0x00007fbb99801000   39       4       project2.Floyd1D::Floyd_1D (233 bytes)
Event: 6.585 Thread 0x00007fbb99801000 nmethod 39 0x0000000106abae50 code [0x0000000106abb020, 0x0000000106abc3f8]
Event: 228.611 Thread 0x00007fbb99813800   40 %     3       project2.Floyd1D::Floyd_1D @ 42 (233 bytes)
Event: 228.612 Thread 0x00007fbb99813800 nmethod 40% 0x0000000106ab3e10 code [0x0000000106ab40a0, 0x0000000106ab4cd8]
Event: 228.612 Thread 0x00007fbb99812800   41 %     4       project2.Floyd1D::Floyd_1D @ 42 (233 bytes)
Event: 228.663 Thread 0x00007fbb99812800 nmethod 41% 0x0000000106abf350 code [0x0000000106abf500, 0x0000000106ac07b8]
Event: 228.663 Thread 0x00007fbb99801000   42       4       project2.Floyd1D::Floyd_1D (233 bytes)
Event: 228.716 Thread 0x00007fbb99801000 nmethod 42 0x0000000106ac0d10 code [0x0000000106ac0ee0, 0x0000000106ac22b8]

GC Heap History (10 events):
Event: 228.219 GC heap before
{Heap before GC invocations=5 (full 0):
 PSYoungGen      total 141824K, used 141824K [0x000000076ab00000, 0x0000000774000000, 0x00000007c0000000)
  eden space 131072K, 100% used [0x000000076ab00000,0x0000000772b00000,0x0000000772b00000)
  from space 10752K, 100% used [0x0000000773580000,0x0000000774000000,0x0000000774000000)
  to   space 10752K, 0% used [0x0000000772b00000,0x0000000772b00000,0x0000000773580000)
 ParOldGen       total 175104K, used 71096K [0x00000006c0000000, 0x00000006cab00000, 0x000000076ab00000)
  object space 175104K, 40% used [0x00000006c0000000,0x00000006c456e3b0,0x00000006cab00000)
 Metaspace       used 2640K, capacity 4490K, committed 4864K, reserved 1056768K
  class space    used 286K, capacity 386K, committed 512K, reserved 1048576K
Event: 228.254 GC heap after
Heap after GC invocations=5 (full 0):
 PSYoungGen      total 141824K, used 10720K [0x000000076ab00000, 0x0000000783100000, 0x00000007c0000000)
  eden space 131072K, 0% used [0x000000076ab00000,0x000000076ab00000,0x0000000772b00000)
  from space 10752K, 99% used [0x0000000772b00000,0x0000000773578020,0x0000000773580000)
  to   space 68608K, 0% used [0x000000077ee00000,0x000000077ee00000,0x0000000783100000)
 ParOldGen       total 175104K, used 123477K [0x00000006c0000000, 0x00000006cab00000, 0x000000076ab00000)
  object space 175104K, 70% used [0x00000006c0000000,0x00000006c7895580,0x00000006cab00000)
 Metaspace       used 2640K, capacity 4490K, committed 4864K, reserved 1056768K
  class space    used 286K, capacity 386K, committed 512K, reserved 1048576K
}
Event: 228.254 GC heap before
{Heap before GC invocations=6 (full 1):
 PSYoungGen      total 141824K, used 10720K [0x000000076ab00000, 0x0000000783100000, 0x00000007c0000000)
  eden space 131072K, 0% used [0x000000076ab00000,0x000000076ab00000,0x0000000772b00000)
  from space 10752K, 99% used [0x0000000772b00000,0x0000000773578020,0x0000000773580000)
  to   space 68608K, 0% used [0x000000077ee00000,0x000000077ee00000,0x0000000783100000)
 ParOldGen       total 175104K, used 123477K [0x00000006c0000000, 0x00000006cab00000, 0x000000076ab00000)
  object space 175104K, 70% used [0x00000006c0000000,0x00000006c7895580,0x00000006cab00000)
 Metaspace       used 2640K, capacity 4490K, committed 4864K, reserved 1056768K
  class space    used 286K, capacity 386K, committed 512K, reserved 1048576K
Event: 228.276 GC heap after
Heap after GC invocations=6 (full 1):
 PSYoungGen      total 141824K, used 0K [0x000000076ab00000, 0x0000000783100000, 0x00000007c0000000)
  eden space 131072K, 0% used [0x000000076ab00000,0x000000076ab00000,0x0000000772b00000)
  from space 10752K, 0% used [0x0000000772b00000,0x0000000772b00000,0x0000000773580000)
  to   space 68608K, 0% used [0x000000077ee00000,0x000000077ee00000,0x0000000783100000)
 ParOldGen       total 186880K, used 62855K [0x00000006c0000000, 0x00000006cb680000, 0x000000076ab00000)
  object space 186880K, 33% used [0x00000006c0000000,0x00000006c3d61cb8,0x00000006cb680000)
 Metaspace       used 2640K, capacity 4490K, committed 4864K, reserved 1056768K
  class space    used 286K, capacity 386K, committed 512K, reserved 1048576K
}
Event: 228.587 GC heap before
{Heap before GC invocations=7 (full 1):
 PSYoungGen      total 141824K, used 101018K [0x000000076ab00000, 0x0000000783100000, 0x00000007c0000000)
  eden space 131072K, 77% used [0x000000076ab00000,0x0000000770da68c8,0x0000000772b00000)
  from space 10752K, 0% used [0x0000000772b00000,0x0000000772b00000,0x0000000773580000)
  to   space 68608K, 0% used [0x000000077ee00000,0x000000077ee00000,0x0000000783100000)
 ParOldGen       total 186880K, used 62855K [0x00000006c0000000, 0x00000006cb680000, 0x000000076ab00000)
  object space 186880K, 33% used [0x00000006c0000000,0x00000006c3d61cb8,0x00000006cb680000)
 Metaspace       used 2640K, capacity 4490K, committed 4864K, reserved 1056768K
  class space    used 286K, capacity 386K, committed 512K, reserved 1048576K
Event: 228.588 GC heap after
Heap after GC invocations=7 (full 1):
 PSYoungGen      total 327168K, used 0K [0x000000076ab00000, 0x0000000783800000, 0x00000007c0000000)
  eden space 258560K, 0% used [0x000000076ab00000,0x000000076ab00000,0x000000077a780000)
  from space 68608K, 0% used [0x000000077ee00000,0x000000077ee00000,0x0000000783100000)
  to   space 72192K, 0% used [0x000000077a780000,0x000000077a780000,0x000000077ee00000)
 ParOldGen       total 186880K, used 62855K [0x00000006c0000000, 0x00000006cb680000, 0x000000076ab00000)
  object space 186880K, 33% used [0x00000006c0000000,0x00000006c3d61cb8,0x00000006cb680000)
 Metaspace       used 2640K, capacity 4490K, committed 4864K, reserved 1056768K
  class space    used 286K, capacity 386K, committed 512K, reserved 1048576K
}
Event: 646.397 GC heap before
{Heap before GC invocations=8 (full 1):
 PSYoungGen      total 327168K, used 258560K [0x000000076ab00000, 0x0000000783800000, 0x00000007c0000000)
  eden space 258560K, 100% used [0x000000076ab00000,0x000000077a780000,0x000000077a780000)
  from space 68608K, 0% used [0x000000077ee00000,0x000000077ee00000,0x0000000783100000)
  to   space 72192K, 0% used [0x000000077a780000,0x000000077a780000,0x000000077ee00000)
 ParOldGen       total 186880K, used 62855K [0x00000006c0000000, 0x00000006cb680000, 0x000000076ab00000)
  object space 186880K, 33% used [0x00000006c0000000,0x00000006c3d61cb8,0x00000006cb680000)
 Metaspace       used 2640K, capacity 4490K, committed 4864K, reserved 1056768K
  class space    used 286K, capacity 386K, committed 512K, reserved 1048576K
Event: 646.432 GC heap after
Heap after GC invocations=8 (full 1):
 PSYoungGen      total 330752K, used 72186K [0x000000076ab00000, 0x0000000794e00000, 0x00000007c0000000)
  eden space 258560K, 0% used [0x000000076ab00000,0x000000076ab00000,0x000000077a780000)
  from space 72192K, 99% used [0x000000077a780000,0x000000077edfea70,0x000000077ee00000)
  to   space 87552K, 0% used [0x000000078f880000,0x000000078f880000,0x0000000794e00000)
 ParOldGen       total 186880K, used 88422K [0x00000006c0000000, 0x00000006cb680000, 0x000000076ab00000)
  object space 186880K, 47% used [0x00000006c0000000,0x00000006c56599f8,0x00000006cb680000)
 Metaspace       used 2640K, capacity 4490K, committed 4864K, reserved 1056768K
  class space    used 286K, capacity 386K, committed 512K, reserved 1048576K
}
Event: 646.978 GC heap before
{Heap before GC invocations=9 (full 1):
 PSYoungGen      total 330752K, used 330746K [0x000000076ab00000, 0x0000000794e00000, 0x00000007c0000000)
  eden space 258560K, 100% used [0x000000076ab00000,0x000000077a780000,0x000000077a780000)
  from space 72192K, 99% used [0x000000077a780000,0x000000077edfea70,0x000000077ee00000)
  to   space 87552K, 0% used [0x000000078f880000,0x000000078f880000,0x0000000794e00000)
 ParOldGen       total 186880K, used 88422K [0x00000006c0000000, 0x00000006cb680000, 0x000000076ab00000)
  object space 186880K, 47% used [0x00000006c0000000,0x00000006c56599f8,0x00000006cb680000)
 Metaspace       used 2640K, capacity 4490K, committed 4864K, reserved 1056768K
  class space    used 286K, capacity 386K, committed 512K, reserved 1048576K
Event: 647.014 GC heap after
Heap after GC invocations=9 (full 1):
 PSYoungGen      total 596480K, used 66899K [0x000000076ab00000, 0x0000000795c80000, 0x00000007c0000000)
  eden space 508928K, 0% used [0x000000076ab00000,0x000000076ab00000,0x0000000789c00000)
  from space 87552K, 76% used [0x000000078f880000,0x00000007939d4cf0,0x0000000794e00000)
  to   space 94720K, 0% used [0x0000000789c00000,0x0000000789c00000,0x000000078f880000)
 ParOldGen       total 186880K, used 88422K [0x00000006c0000000, 0x00000006cb680000, 0x000000076ab00000)
  object space 186880K, 47% used [0x00000006c0000000,0x00000006c56599f8,0x00000006cb680000)
 Metaspace       used 2640K, capacity 4490K, committed 4864K, reserved 1056768K
  class space    used 286K, capacity 386K, committed 512K, reserved 1048576K
}

Deoptimization events (5 events):
Event: 0.143 Thread 0x00007fbb9a002800 Uncommon trap: reason=unstable_if action=reinterpret pc=0x0000000106aa569c method=project2.Floyd1D.CreatSparseGraph(I)[I @ 108
Event: 0.158 Thread 0x00007fbb9a002800 Uncommon trap: reason=unstable_if action=reinterpret pc=0x0000000106aa4768 method=project2.Floyd1D.CreatSparseGraph(I)[I @ 186
Event: 0.167 Thread 0x00007fbb9a002800 Uncommon trap: reason=unstable_if action=reinterpret pc=0x0000000106aa3cfc method=project2.Floyd1D.CreatSparseGraph(I)[I @ 334
Event: 51.203 Thread 0x00007fbb9a002800 Uncommon trap: reason=unstable_if action=reinterpret pc=0x0000000106ab076c method=project2.Floyd1D.Floyd_1D([I)V @ 229
Event: 228.074 Thread 0x00007fbb9a002800 Uncommon trap: reason=unstable_if action=reinterpret pc=0x0000000106abc2cc method=project2.Floyd1D.Floyd_1D([I)V @ 229

Internal exceptions (2 events):
Event: 0.046 Thread 0x00007fbb9a002800 Exception <a 'java/lang/NoSuchMethodError': Method sun.misc.Unsafe.defineClass(Ljava/lang/String;[BII)Ljava/lang/Class; name or signature does not match> (0x000000076ab12f10) thrown at [/Users/java_re/workspace/8-2-build-macosx-x86_64/jdk8u65/4987/hotspot
Event: 0.046 Thread 0x00007fbb9a002800 Exception <a 'java/lang/NoSuchMethodError': Method sun.misc.Unsafe.prefetchRead(Ljava/lang/Object;J)V name or signature does not match> (0x000000076ab131f8) thrown at [/Users/java_re/workspace/8-2-build-macosx-x86_64/jdk8u65/4987/hotspot/src/share/vm/prim

Events (10 events):
Event: 646.978 Executing VM operation: ParallelGCFailedAllocation
Event: 647.014 Executing VM operation: ParallelGCFailedAllocation done
Event: 845.599 loading class sun/misc/Signal$1
Event: 845.599 loading class sun/misc/Signal$1 done
Event: 845.599 Thread 0x00007fbb99816000 Thread added: 0x00007fbb99816000
Event: 845.599 loading class java/lang/Shutdown
Event: 845.599 loading class java/lang/Shutdown done
Event: 845.599 loading class java/lang/Shutdown$Lock
Event: 845.599 loading class java/lang/Shutdown$Lock done
Event: 845.599 Executing VM operation: Exit


Dynamic libraries:
0x0000000009f1a000 	/System/Library/Frameworks/Cocoa.framework/Versions/A/Cocoa
0x0000000009f1a000 	/System/Library/Frameworks/Security.framework/Versions/A/Security
0x0000000009f1a000 	/System/Library/Frameworks/ApplicationServices.framework/Versions/A/ApplicationServices
0x0000000009f1a000 	/usr/lib/libz.1.dylib
0x0000000009f1a000 	/usr/lib/libSystem.B.dylib
0x0000000009f1a000 	/usr/lib/libobjc.A.dylib
0x0000000009f1a000 	/System/Library/Frameworks/CoreFoundation.framework/Versions/A/CoreFoundation
0x0000000009f1a000 	/System/Library/Frameworks/Foundation.framework/Versions/C/Foundation
0x0000000009f1a000 	/System/Library/Frameworks/AppKit.framework/Versions/C/AppKit
0x0000000009f1a000 	/System/Library/Frameworks/CoreData.framework/Versions/A/CoreData
0x0000000009f1a000 	/System/Library/PrivateFrameworks/RemoteViewServices.framework/Versions/A/RemoteViewServices
0x0000000009f1a000 	/System/Library/PrivateFrameworks/UIFoundation.framework/Versions/A/UIFoundation
0x0000000009f1a000 	/usr/lib/libScreenReader.dylib
0x0000000009f1a000 	/System/Library/Frameworks/Accelerate.framework/Versions/A/Accelerate
0x0000000009f1a000 	/System/Library/Frameworks/IOSurface.framework/Versions/A/IOSurface
0x0000000009f1a000 	/System/Library/Frameworks/AudioToolbox.framework/Versions/A/AudioToolbox
0x0000000009f1a000 	/System/Library/Frameworks/AudioUnit.framework/Versions/A/AudioUnit
0x0000000009f1a000 	/System/Library/PrivateFrameworks/DataDetectorsCore.framework/Versions/A/DataDetectorsCore
0x0000000009f1a000 	/System/Library/PrivateFrameworks/DesktopServicesPriv.framework/Versions/A/DesktopServicesPriv
0x0000000009f1a000 	/System/Library/Frameworks/Carbon.framework/Versions/A/Frameworks/HIToolbox.framework/Versions/A/HIToolbox
0x0000000009f1a000 	/System/Library/Frameworks/QuartzCore.framework/Versions/A/QuartzCore
0x0000000009f1a000 	/System/Library/Frameworks/Carbon.framework/Versions/A/Frameworks/SpeechRecognition.framework/Versions/A/SpeechRecognition
0x0000000009f1a000 	/usr/lib/libauto.dylib
0x0000000009f1a000 	/usr/lib/libicucore.A.dylib
0x0000000009f1a000 	/usr/lib/libxml2.2.dylib
0x0000000009f1a000 	/System/Library/PrivateFrameworks/CoreUI.framework/Versions/A/CoreUI
0x0000000009f1a000 	/System/Library/Frameworks/CoreAudio.framework/Versions/A/CoreAudio
0x0000000009f1a000 	/System/Library/Frameworks/DiskArbitration.framework/Versions/A/DiskArbitration
0x0000000009f1a000 	/usr/lib/liblangid.dylib
0x0000000009f1a000 	/System/Library/PrivateFrameworks/MultitouchSupport.framework/Versions/A/MultitouchSupport
0x0000000009f1a000 	/System/Library/Frameworks/IOKit.framework/Versions/A/IOKit
0x0000000009f1a000 	/usr/lib/libDiagnosticMessagesClient.dylib
0x0000000009f1a000 	/System/Library/Frameworks/CoreServices.framework/Versions/A/CoreServices
0x0000000009f1a000 	/System/Library/PrivateFrameworks/PerformanceAnalysis.framework/Versions/A/PerformanceAnalysis
0x0000000009f1a000 	/System/Library/PrivateFrameworks/GenerationalStorage.framework/Versions/A/GenerationalStorage
0x0000000009f1a000 	/System/Library/Frameworks/OpenGL.framework/Versions/A/OpenGL
0x0000000009f1a000 	/System/Library/PrivateFrameworks/Sharing.framework/Versions/A/Sharing
0x0000000009f1a000 	/System/Library/Frameworks/CoreGraphics.framework/Versions/A/CoreGraphics
0x0000000009f1a000 	/System/Library/Frameworks/CoreImage.framework/Versions/A/CoreImage
0x0000000009f1a000 	/System/Library/Frameworks/CoreText.framework/Versions/A/CoreText
0x0000000009f1a000 	/System/Library/Frameworks/ImageIO.framework/Versions/A/ImageIO
0x0000000009f1a000 	/System/Library/PrivateFrameworks/Backup.framework/Versions/A/Backup
0x0000000009f1a000 	/usr/lib/libextension.dylib
0x0000000009f1a000 	/usr/lib/libarchive.2.dylib
0x0000000009f1a000 	/System/Library/Frameworks/CFNetwork.framework/Versions/A/CFNetwork
0x0000000009f1a000 	/System/Library/Frameworks/SystemConfiguration.framework/Versions/A/SystemConfiguration
0x0000000009f1a000 	/usr/lib/libCRFSuite.dylib
0x0000000009f1a000 	/usr/lib/libc++.1.dylib
0x0000000009f1a000 	/usr/lib/libc++abi.dylib
0x0000000009f1a000 	/usr/lib/system/libcache.dylib
0x0000000009f1a000 	/usr/lib/system/libcommonCrypto.dylib
0x0000000009f1a000 	/usr/lib/system/libcompiler_rt.dylib
0x0000000009f1a000 	/usr/lib/system/libcopyfile.dylib
0x0000000009f1a000 	/usr/lib/system/libcorecrypto.dylib
0x0000000009f1a000 	/usr/lib/system/libdispatch.dylib
0x0000000009f1a000 	/usr/lib/system/libdyld.dylib
0x0000000009f1a000 	/usr/lib/system/libkeymgr.dylib
0x0000000009f1a000 	/usr/lib/system/liblaunch.dylib
0x0000000009f1a000 	/usr/lib/system/libmacho.dylib
0x0000000009f1a000 	/usr/lib/system/libquarantine.dylib
0x0000000009f1a000 	/usr/lib/system/libremovefile.dylib
0x0000000009f1a000 	/usr/lib/system/libsystem_asl.dylib
0x0000000009f1a000 	/usr/lib/system/libsystem_blocks.dylib
0x0000000009f1a000 	/usr/lib/system/libsystem_c.dylib
0x0000000009f1a000 	/usr/lib/system/libsystem_configuration.dylib
0x0000000009f1a000 	/usr/lib/system/libsystem_coreservices.dylib
0x0000000009f1a000 	/usr/lib/system/libsystem_coretls.dylib
0x0000000009f1a000 	/usr/lib/system/libsystem_dnssd.dylib
0x0000000009f1a000 	/usr/lib/system/libsystem_info.dylib
0x0000000009f1a000 	/usr/lib/system/libsystem_kernel.dylib
0x0000000009f1a000 	/usr/lib/system/libsystem_m.dylib
0x0000000009f1a000 	/usr/lib/system/libsystem_malloc.dylib
0x0000000009f1a000 	/usr/lib/system/libsystem_network.dylib
0x0000000009f1a000 	/usr/lib/system/libsystem_networkextension.dylib
0x0000000009f1a000 	/usr/lib/system/libsystem_notify.dylib
0x0000000009f1a000 	/usr/lib/system/libsystem_platform.dylib
0x0000000009f1a000 	/usr/lib/system/libsystem_pthread.dylib
0x0000000009f1a000 	/usr/lib/system/libsystem_sandbox.dylib
0x0000000009f1a000 	/usr/lib/system/libsystem_secinit.dylib
0x0000000009f1a000 	/usr/lib/system/libsystem_trace.dylib
0x0000000009f1a000 	/usr/lib/system/libunc.dylib
0x0000000009f1a000 	/usr/lib/system/libunwind.dylib
0x0000000009f1a000 	/usr/lib/system/libxpc.dylib
0x0000000009f1a000 	/usr/lib/libenergytrace.dylib
0x0000000009f1a000 	/usr/lib/libbsm.0.dylib
0x0000000009f1a000 	/usr/lib/system/libkxld.dylib
0x0000000009f1a000 	/usr/lib/libxar.1.dylib
0x0000000009f1a000 	/usr/lib/libsqlite3.dylib
0x0000000009f1a000 	/usr/lib/libpam.2.dylib
0x0000000009f1a000 	/usr/lib/libOpenScriptingUtil.dylib
0x0000000009f1a000 	/usr/lib/libbz2.1.0.dylib
0x0000000009f1a000 	/usr/lib/liblzma.5.dylib
0x0000000009f1a000 	/System/Library/Frameworks/CoreServices.framework/Versions/A/Frameworks/FSEvents.framework/Versions/A/FSEvents
0x0000000009f1a000 	/System/Library/Frameworks/CoreServices.framework/Versions/A/Frameworks/CarbonCore.framework/Versions/A/CarbonCore
0x0000000009f1a000 	/System/Library/Frameworks/CoreServices.framework/Versions/A/Frameworks/Metadata.framework/Versions/A/Metadata
0x0000000009f1a000 	/System/Library/Frameworks/CoreServices.framework/Versions/A/Frameworks/OSServices.framework/Versions/A/OSServices
0x0000000009f1a000 	/System/Library/Frameworks/CoreServices.framework/Versions/A/Frameworks/SearchKit.framework/Versions/A/SearchKit
0x0000000009f1a000 	/System/Library/Frameworks/CoreServices.framework/Versions/A/Frameworks/AE.framework/Versions/A/AE
0x0000000009f1a000 	/System/Library/Frameworks/CoreServices.framework/Versions/A/Frameworks/LaunchServices.framework/Versions/A/LaunchServices
0x0000000009f1a000 	/System/Library/Frameworks/CoreServices.framework/Versions/A/Frameworks/DictionaryServices.framework/Versions/A/DictionaryServices
0x0000000009f1a000 	/System/Library/Frameworks/CoreServices.framework/Versions/A/Frameworks/SharedFileList.framework/Versions/A/SharedFileList
0x0000000009f1a000 	/System/Library/Frameworks/NetFS.framework/Versions/A/NetFS
0x0000000009f1a000 	/System/Library/PrivateFrameworks/NetAuth.framework/Versions/A/NetAuth
0x0000000009f1a000 	/System/Library/PrivateFrameworks/login.framework/Versions/A/Frameworks/loginsupport.framework/Versions/A/loginsupport
0x0000000009f1a000 	/System/Library/PrivateFrameworks/TCC.framework/Versions/A/TCC
0x0000000009f1a000 	/usr/lib/libmecabra.dylib
0x0000000009f1a000 	/System/Library/Frameworks/ApplicationServices.framework/Versions/A/Frameworks/ATS.framework/Versions/A/ATS
0x0000000009f1a000 	/System/Library/Frameworks/ApplicationServices.framework/Versions/A/Frameworks/ColorSync.framework/Versions/A/ColorSync
0x0000000009f1a000 	/System/Library/Frameworks/ApplicationServices.framework/Versions/A/Frameworks/HIServices.framework/Versions/A/HIServices
0x0000000009f1a000 	/System/Library/Frameworks/ApplicationServices.framework/Versions/A/Frameworks/LangAnalysis.framework/Versions/A/LangAnalysis
0x0000000009f1a000 	/System/Library/Frameworks/ApplicationServices.framework/Versions/A/Frameworks/PrintCore.framework/Versions/A/PrintCore
0x0000000009f1a000 	/System/Library/Frameworks/ApplicationServices.framework/Versions/A/Frameworks/QD.framework/Versions/A/QD
0x0000000009f1a000 	/System/Library/Frameworks/ApplicationServices.framework/Versions/A/Frameworks/SpeechSynthesis.framework/Versions/A/SpeechSynthesis
0x0000000009f1a000 	/System/Library/Frameworks/Metal.framework/Versions/A/Metal
0x0000000009f1a000 	/System/Library/Frameworks/Accelerate.framework/Versions/A/Frameworks/vImage.framework/Versions/A/vImage
0x0000000009f1a000 	/System/Library/Frameworks/Accelerate.framework/Versions/A/Frameworks/vecLib.framework/Versions/A/vecLib
0x0000000009f1a000 	/System/Library/Frameworks/Accelerate.framework/Versions/A/Frameworks/vecLib.framework/Versions/A/libvDSP.dylib
0x0000000009f1a000 	/System/Library/Frameworks/Accelerate.framework/Versions/A/Frameworks/vecLib.framework/Versions/A/libvMisc.dylib
0x0000000009f1a000 	/System/Library/Frameworks/Accelerate.framework/Versions/A/Frameworks/vecLib.framework/Versions/A/libLAPACK.dylib
0x0000000009f1a000 	/System/Library/Frameworks/Accelerate.framework/Versions/A/Frameworks/vecLib.framework/Versions/A/libBLAS.dylib
0x0000000009f1a000 	/System/Library/Frameworks/Accelerate.framework/Versions/A/Frameworks/vecLib.framework/Versions/A/libLinearAlgebra.dylib
0x0000000009f1a000 	/System/Library/Frameworks/Accelerate.framework/Versions/A/Frameworks/vecLib.framework/Versions/A/libSparseBLAS.dylib
0x0000000009f1a000 	/System/Library/PrivateFrameworks/GPUCompiler.framework/libmetal_timestamp.dylib
0x0000000009f1a000 	/System/Library/Frameworks/OpenGL.framework/Versions/A/Libraries/libCoreFSCache.dylib
0x0000000009f1a000 	/System/Library/PrivateFrameworks/IOAccelerator.framework/Versions/A/IOAccelerator
0x0000000009f1a000 	/System/Library/Frameworks/ApplicationServices.framework/Versions/A/Frameworks/ATS.framework/Versions/A/Resources/libFontParser.dylib
0x0000000009f1a000 	/System/Library/Frameworks/ApplicationServices.framework/Versions/A/Frameworks/ATS.framework/Versions/A/Resources/libFontRegistry.dylib
0x0000000009f1a000 	/System/Library/PrivateFrameworks/AppleVPA.framework/Versions/A/AppleVPA
0x0000000009f1a000 	/System/Library/PrivateFrameworks/AppleJPEG.framework/Versions/A/AppleJPEG
0x0000000009f1a000 	/System/Library/Frameworks/ImageIO.framework/Versions/A/Resources/libJPEG.dylib
0x0000000009f1a000 	/System/Library/Frameworks/ImageIO.framework/Versions/A/Resources/libTIFF.dylib
0x0000000009f1a000 	/System/Library/Frameworks/ImageIO.framework/Versions/A/Resources/libPng.dylib
0x0000000009f1a000 	/System/Library/Frameworks/ImageIO.framework/Versions/A/Resources/libGIF.dylib
0x0000000009f1a000 	/System/Library/Frameworks/ImageIO.framework/Versions/A/Resources/libJP2.dylib
0x0000000009f1a000 	/System/Library/Frameworks/ImageIO.framework/Versions/A/Resources/libRadiance.dylib
0x0000000009f1a000 	/System/Library/Frameworks/CoreVideo.framework/Versions/A/CoreVideo
0x0000000009f1a000 	/System/Library/Frameworks/OpenGL.framework/Versions/A/Libraries/libGLU.dylib
0x0000000009f1a000 	/System/Library/Frameworks/OpenGL.framework/Versions/A/Libraries/libGFXShared.dylib
0x0000000009f1a000 	/System/Library/Frameworks/OpenGL.framework/Versions/A/Libraries/libGL.dylib
0x0000000009f1a000 	/System/Library/Frameworks/OpenGL.framework/Versions/A/Libraries/libGLImage.dylib
0x0000000009f1a000 	/System/Library/Frameworks/OpenGL.framework/Versions/A/Libraries/libCVMSPluginSupport.dylib
0x0000000009f1a000 	/System/Library/Frameworks/OpenGL.framework/Versions/A/Libraries/libCoreVMClient.dylib
0x0000000009f1a000 	/usr/lib/libcups.2.dylib
0x0000000009f1a000 	/System/Library/Frameworks/Kerberos.framework/Versions/A/Kerberos
0x0000000009f1a000 	/System/Library/Frameworks/GSS.framework/Versions/A/GSS
0x0000000009f1a000 	/usr/lib/libresolv.9.dylib
0x0000000009f1a000 	/usr/lib/libiconv.2.dylib
0x0000000009f1a000 	/System/Library/PrivateFrameworks/Heimdal.framework/Versions/A/Heimdal
0x0000000009f1a000 	/usr/lib/libheimdal-asn1.dylib
0x0000000009f1a000 	/System/Library/Frameworks/OpenDirectory.framework/Versions/A/OpenDirectory
0x0000000009f1a000 	/System/Library/PrivateFrameworks/CommonAuth.framework/Versions/A/CommonAuth
0x0000000009f1a000 	/System/Library/Frameworks/OpenDirectory.framework/Versions/A/Frameworks/CFOpenDirectory.framework/Versions/A/CFOpenDirectory
0x0000000009f1a000 	/System/Library/Frameworks/SecurityFoundation.framework/Versions/A/SecurityFoundation
0x0000000009f1a000 	/System/Library/PrivateFrameworks/LanguageModeling.framework/Versions/A/LanguageModeling
0x0000000009f1a000 	/usr/lib/libmarisa.dylib
0x0000000009f1a000 	/usr/lib/libChineseTokenizer.dylib
0x0000000009f1a000 	/usr/lib/libcmph.dylib
0x0000000009f1a000 	/usr/lib/libcompression.dylib
0x0000000009f1a000 	/System/Library/Frameworks/ServiceManagement.framework/Versions/A/ServiceManagement
0x0000000009f1a000 	/usr/lib/libxslt.1.dylib
0x0000000009f1a000 	/System/Library/Frameworks/Carbon.framework/Versions/A/Frameworks/Ink.framework/Versions/A/Ink
0x0000000009f1a000 	/usr/lib/libFosl_dynamic.dylib
0x0000000009f1a000 	/System/Library/PrivateFrameworks/FaceCore.framework/Versions/A/FaceCore
0x0000000009f1a000 	/System/Library/Frameworks/OpenCL.framework/Versions/A/OpenCL
0x0000000009f1a000 	/System/Library/PrivateFrameworks/CrashReporterSupport.framework/Versions/A/CrashReporterSupport
0x0000000009f1a000 	/System/Library/PrivateFrameworks/IconServices.framework/Versions/A/IconServices
0x0000000009f1a000 	/System/Library/PrivateFrameworks/Apple80211.framework/Versions/A/Apple80211
0x0000000009f1a000 	/System/Library/Frameworks/CoreWLAN.framework/Versions/A/CoreWLAN
0x0000000009f1a000 	/System/Library/Frameworks/IOBluetooth.framework/Versions/A/IOBluetooth
0x0000000009f1a000 	/System/Library/PrivateFrameworks/CoreWiFi.framework/Versions/A/CoreWiFi
0x0000000009f1a000 	/System/Library/Frameworks/CoreBluetooth.framework/Versions/A/CoreBluetooth
0x0000000009f1a000 	/System/Library/PrivateFrameworks/ChunkingLibrary.framework/Versions/A/ChunkingLibrary
0x0000000009f1a000 	/System/Library/PrivateFrameworks/DebugSymbols.framework/Versions/A/DebugSymbols
0x0000000009f1a000 	/System/Library/PrivateFrameworks/CoreSymbolication.framework/Versions/A/CoreSymbolication
0x0000000009f1a000 	/System/Library/PrivateFrameworks/Symbolication.framework/Versions/A/Symbolication
0x0000000009f1a000 	/System/Library/PrivateFrameworks/SpeechRecognitionCore.framework/Versions/A/SpeechRecognitionCore
0x0000000104fed000 	/System/Library/CoreServices/Encodings/libSimplifiedChineseConverter.dylib
0x0000000105a00000 	/Library/Java/JavaVirtualMachines/jdk1.8.0_65.jdk/Contents/Home/jre/lib/server/libjvm.dylib
0x0000000009f1a000 	/usr/lib/libstdc++.6.dylib
0x0000000105035000 	/Library/Java/JavaVirtualMachines/jdk1.8.0_65.jdk/Contents/Home/jre/lib/libverify.dylib
0x0000000105043000 	/Library/Java/JavaVirtualMachines/jdk1.8.0_65.jdk/Contents/Home/jre/lib/libjava.dylib
0x0000000105082000 	/Library/Java/JavaVirtualMachines/jdk1.8.0_65.jdk/Contents/Home/jre/lib/libzip.dylib
0x0000000120c55000 	/System/Library/Frameworks/JavaVM.framework/Frameworks/JavaRuntimeSupport.framework/JavaRuntimeSupport
0x0000000120c70000 	/System/Library/Frameworks/JavaVM.framework/Versions/A/Frameworks/JavaNativeFoundation.framework/Versions/A/JavaNativeFoundation
0x0000000120c85000 	/System/Library/Frameworks/JavaVM.framework/Versions/A/JavaVM
0x0000000009f1a000 	/System/Library/Frameworks/Carbon.framework/Versions/A/Carbon
0x0000000120c92000 	/System/Library/PrivateFrameworks/JavaLaunching.framework/Versions/A/JavaLaunching
0x0000000009f1a000 	/System/Library/Frameworks/Carbon.framework/Versions/A/Frameworks/CommonPanels.framework/Versions/A/CommonPanels
0x0000000009f1a000 	/System/Library/Frameworks/Carbon.framework/Versions/A/Frameworks/Help.framework/Versions/A/Help
0x0000000009f1a000 	/System/Library/Frameworks/Carbon.framework/Versions/A/Frameworks/ImageCapture.framework/Versions/A/ImageCapture
0x0000000009f1a000 	/System/Library/Frameworks/Carbon.framework/Versions/A/Frameworks/OpenScripting.framework/Versions/A/OpenScripting
0x0000000009f1a000 	/System/Library/Frameworks/Carbon.framework/Versions/A/Frameworks/Print.framework/Versions/A/Print
0x0000000009f1a000 	/System/Library/Frameworks/Carbon.framework/Versions/A/Frameworks/SecurityHI.framework/Versions/A/SecurityHI

VM Arguments:
jvm_args: -Dfile.encoding=UTF-8 
java_command: project2.Floyd1D
java_class_path (initial): /Users/FeanorCui/Documents/workspace/project2/bin
Launcher Type: SUN_STANDARD

Environment Variables:
PATH=/usr/bin:/bin:/usr/sbin:/sbin
SHELL=/bin/bash

Signal Handlers:
SIGSEGV: [libjvm.dylib+0x5a6d31], sa_mask[0]=11111111011111110111111111111111, sa_flags=SA_ONSTACK|SA_RESTART|SA_SIGINFO
SIGBUS: [libjvm.dylib+0x5a6d31], sa_mask[0]=11111111011111110111111111111111, sa_flags=SA_RESTART|SA_SIGINFO
SIGFPE: [libjvm.dylib+0x480a40], sa_mask[0]=11111111011111110111111111111111, sa_flags=SA_RESTART|SA_SIGINFO
SIGPIPE: [libjvm.dylib+0x480a40], sa_mask[0]=11111111011111110111111111111111, sa_flags=SA_RESTART|SA_SIGINFO
SIGXFSZ: [libjvm.dylib+0x480a40], sa_mask[0]=11111111011111110111111111111111, sa_flags=SA_RESTART|SA_SIGINFO
SIGILL: [libjvm.dylib+0x480a40], sa_mask[0]=11111111011111110111111111111111, sa_flags=SA_RESTART|SA_SIGINFO
SIGUSR1: SIG_DFL, sa_mask[0]=00000000000000000000000000000000, sa_flags=none
SIGUSR2: [libjvm.dylib+0x48055e], sa_mask[0]=00100000000000000000000000000000, sa_flags=SA_RESTART|SA_SIGINFO
SIGHUP: [libjvm.dylib+0x47eb35], sa_mask[0]=11111111011111110111111111111111, sa_flags=SA_RESTART|SA_SIGINFO
SIGINT: [libjvm.dylib+0x47eb35], sa_mask[0]=11111111011111110111111111111111, sa_flags=SA_RESTART|SA_SIGINFO
SIGTERM: [libjvm.dylib+0x47eb35], sa_mask[0]=11111111011111110111111111111111, sa_flags=SA_RESTART|SA_SIGINFO
SIGQUIT: [libjvm.dylib+0x47eb35], sa_mask[0]=11111111011111110111111111111111, sa_flags=SA_RESTART|SA_SIGINFO


---------------  S Y S T E M  ---------------

OS:Bsduname:Darwin 15.2.0 Darwin Kernel Version 15.2.0: Fri Nov 13 19:56:56 PST 2015; root:xnu-3248.20.55~2/RELEASE_X86_64 x86_64
rlimit: STACK 8192k, CORE 0k, NPROC 709, NOFILE 10240, AS infinity
load average:5.46 4.48 3.69

CPU:total 4 (2 cores per cpu, 2 threads per core) family 6 model 61 stepping 4, cmov, cx8, fxsr, mmx, sse, sse2, sse3, ssse3, sse4.1, sse4.2, popcnt, avx, avx2, aes, clmul, erms, 3dnowpref, lzcnt, ht, tsc, tscinvbit, bmi1, bmi2, adx

Memory: 4k page, physical 16777216k(2366064k free)

/proc/meminfo:


vm_info: Java HotSpot(TM) 64-Bit Server VM (25.65-b01) for bsd-amd64 JRE (1.8.0_65-b17), built on Oct  6 2015 15:36:46 by "java_re" with gcc 4.2.1 (Based on Apple Inc. build 5658) (LLVM build 2336.11.00)

time: Tue Feb 23 05:30:52 2016
elapsed time: 1441 seconds (0d 0h 24m 1s)

